<?xml version="1.0" encoding="UTF-8"?>
<!-- Generated by org.testng.reporters.JUnitReportReporter -->
<testsuite hostname="DESKTOP-8CID97K" failures="0" tests="5" name="testng.TestNG_Priority_Order" time="16.029" errors="0" timestamp="2022-11-01T10:19:02 IST" skipped="0">
  <testcase classname="testng.TestNG_Priority_Order" name="gmail" time="5.495"/>
  <system-out/>
  <testcase classname="testng.TestNG_Priority_Order" name="selenium" time="1.776"/>
  <system-out/>
  <testcase classname="testng.TestNG_Priority_Order" name="redmine" time="4.680"/>
  <system-out/>
  <testcase classname="testng.TestNG_Priority_Order" name="google" time="1.929"/>
  <system-out/>
  <testcase classname="testng.TestNG_Priority_Order" name="facebook" time="2.149"/>
  <system-out/>
</testsuite> <!-- testng.TestNG_Priority_Order -->
