<?xml version="1.0" encoding="UTF-8"?>
<!-- Generated by org.testng.reporters.JUnitReportReporter -->
<testsuite hostname="DESKTOP-8CID97K" failures="0" tests="1" name="screenshot.FailderTCScreenshot" time="3.324" errors="0" timestamp="2022-11-09T09:34:12 IST" skipped="0">
  <testcase classname="screenshot.FailderTCScreenshot" name="TakeScreenshot" time="3.324"/>
  <system-out/>
</testsuite> <!-- screenshot.FailderTCScreenshot -->
