<?xml version="1.0" encoding="UTF-8"?>
<!-- Generated by org.testng.reporters.JUnitReportReporter -->
<testsuite hostname="DESKTOP-8CID97K" failures="0" tests="1" name="screenshot.SelectedLocator" time="5.540" errors="0" timestamp="2022-11-09T09:25:27 IST" skipped="0">
  <testcase classname="screenshot.SelectedLocator" name="TakeScreenShot" time="5.540"/>
  <system-out/>
</testsuite> <!-- screenshot.SelectedLocator -->
