<?xml version="1.0" encoding="UTF-8"?>
<!-- Generated by org.testng.reporters.JUnitReportReporter -->
<testsuite hostname="DESKTOP-8CID97K" failures="0" tests="1" name="testng.SeleniumWaitCommands" time="18.977" errors="0" timestamp="2022-11-10T09:15:53 IST" skipped="0">
  <testcase classname="testng.SeleniumWaitCommands" name="synchronization" time="18.977"/>
  <system-out/>
</testsuite> <!-- testng.SeleniumWaitCommands -->
