<?xml version="1.0" encoding="UTF-8"?>
<!-- Generated by org.testng.reporters.JUnitReportReporter -->
<testsuite hostname="DESKTOP-8CID97K" failures="0" tests="3" name="sikuliDemo.SikuliDemo" time="8.216" errors="0" timestamp="2022-11-09T11:05:01 IST" skipped="2">
  <testcase classname="sikuliDemo.SikuliDemo" name="WebAutomation" time="8.216"/>
  <system-out/>
  <testcase classname="sikuliDemo.SikuliDemo" name="AttacheFileSelenium">
    <skipped/>
  </testcase> <!-- AttacheFileSelenium -->
  <system-out/>
  <testcase classname="sikuliDemo.SikuliDemo" name="desktopAutomation">
    <skipped/>
  </testcase> <!-- desktopAutomation -->
  <system-out/>
</testsuite> <!-- sikuliDemo.SikuliDemo -->
