<?xml version="1.0" encoding="UTF-8"?>
<!-- Generated by org.testng.reporters.JUnitReportReporter -->
<testsuite hostname="DESKTOP-8CID97K" failures="0" tests="5" name="testng.TestNG_AlphabaticalMethodOrder" time="12.788" errors="0" timestamp="2022-11-01T10:11:31 IST" skipped="0">
  <testcase classname="testng.TestNG_AlphabaticalMethodOrder" name="selenium" time="2.014"/>
  <system-out/>
  <testcase classname="testng.TestNG_AlphabaticalMethodOrder" name="redmine" time="3.777"/>
  <system-out/>
  <testcase classname="testng.TestNG_AlphabaticalMethodOrder" name="gmail" time="3.385"/>
  <system-out/>
  <testcase classname="testng.TestNG_AlphabaticalMethodOrder" name="facebook" time="1.969"/>
  <system-out/>
  <testcase classname="testng.TestNG_AlphabaticalMethodOrder" name="google" time="1.643"/>
  <system-out/>
</testsuite> <!-- testng.TestNG_AlphabaticalMethodOrder -->
