<?xml version="1.0" encoding="UTF-8"?>
<!-- Generated by org.testng.reporters.JUnitReportReporter -->
<testsuite hostname="DESKTOP-8CID97K" failures="0" tests="5" name="testng.TestNG_Descritpion" time="16.362" errors="0" timestamp="2022-11-10T11:20:41 IST" skipped="0">
  <testcase classname="testng.TestNG_Descritpion" name="testCase_5" time="2.644"/>
  <system-out/>
  <testcase classname="testng.TestNG_Descritpion" name="testCase_1" time="1.457"/>
  <system-out/>
  <testcase classname="testng.TestNG_Descritpion" name="testCase_3" time="8.068"/>
  <system-out/>
  <testcase classname="testng.TestNG_Descritpion" name="testCase_2" time="3.175"/>
  <system-out/>
  <testcase classname="testng.TestNG_Descritpion" name="testCase_4" time="1.018"/>
  <system-out/>
</testsuite> <!-- testng.TestNG_Descritpion -->
