<?xml version="1.0" encoding="UTF-8"?>
<!-- Generated by org.testng.reporters.JUnitReportReporter -->
<testsuite hostname="DESKTOP-8CID97K" failures="0" tests="2" name="screenshot.TimeFormatScreenshot" time="11.819" errors="0" timestamp="2022-11-09T09:20:34 IST" skipped="0">
  <testcase classname="screenshot.TimeFormatScreenshot" name="facebook" time="3.854"/>
  <system-out/>
  <testcase classname="screenshot.TimeFormatScreenshot" name="google" time="7.965"/>
  <system-out/>
</testsuite> <!-- screenshot.TimeFormatScreenshot -->
