<?xml version="1.0" encoding="UTF-8"?>
<!-- Generated by org.testng.reporters.JUnitReportReporter -->
<testsuite hostname="DESKTOP-8CID97K" failures="0" tests="1" name="screenshot.FullPageScreenshot" time="32.734" errors="0" timestamp="2022-11-09T09:43:28 IST" skipped="0">
  <testcase classname="screenshot.FullPageScreenshot" name="fullPageScreenshot" time="32.734"/>
  <system-out/>
</testsuite> <!-- screenshot.FullPageScreenshot -->
