<?xml version="1.0" encoding="UTF-8"?>
<!-- Generated by org.testng.reporters.JUnitReportReporter -->
<testsuite hostname="DESKTOP-8CID97K" failures="0" tests="1" name="log4j.Log4jDemo" time="0.012" errors="0" timestamp="2022-11-08T10:33:21 IST" skipped="0">
  <testcase classname="log4j.Log4jDemo" name="duplicate" time="0.012"/>
  <system-out/>
</testsuite> <!-- log4j.Log4jDemo -->
